app/build/intermediates/manifest_merge_blame_file/debug/manifest-merger-blame-debug-report.txt
1<?xml version="1.0" encoding="utf-8"?>
2<manifest xmlns:android="http://schemas.android.com/apk/res/android"
3    package="com.example.jsoup"
4    android:versionCode="1"
5    android:versionName="1.0" >
6
7    <uses-sdk
8        android:minSdkVersion="22"
8-->src\main\AndroidManifest.xml
9        android:targetSdkVersion="30" />
9-->src\main\AndroidManifest.xml
10
11    <uses-permission android:name="android.permission.INTERNET" />
11-->src\main\AndroidManifest.xml:6:5-67
11-->src\main\AndroidManifest.xml:6:22-64
12
13    <application
13-->src\main\AndroidManifest.xml:8:5-27:19
14        android:allowBackup="true"
14-->src\main\AndroidManifest.xml:9:9-35
15        android:appComponentFactory="androidx.core.app.CoreComponentFactory"
15-->[androidx.core:core:1.1.0] AndroidManifest.xml:24:18-86
16        android:debuggable="true"
17        android:icon="@mipmap/ic_launcher"
17-->src\main\AndroidManifest.xml:10:9-43
18        android:label="@string/app_name"
18-->src\main\AndroidManifest.xml:11:9-41
19        android:networkSecurityConfig="@xml/net"
19-->src\main\AndroidManifest.xml:12:9-49
20        android:roundIcon="@mipmap/ic_launcher_round"
20-->src\main\AndroidManifest.xml:13:9-54
21        android:supportsRtl="true"
21-->src\main\AndroidManifest.xml:14:9-35
22        android:testOnly="true"
23        android:theme="@style/Theme.Jsoup" >
23-->src\main\AndroidManifest.xml:15:9-43
24        <activity android:name="com.example.jsoup.year_month" />
24-->src\main\AndroidManifest.xml:17:9-48
24-->src\main\AndroidManifest.xml:17:19-45
25        <activity android:name="com.example.jsoup.movei_list" />
25-->src\main\AndroidManifest.xml:18:9-48
25-->src\main\AndroidManifest.xml:18:19-45
26        <activity android:name="com.example.jsoup.Player" />
26-->src\main\AndroidManifest.xml:19:9-44
26-->src\main\AndroidManifest.xml:19:19-41
27        <activity android:name="com.example.jsoup.MainActivity" >
27-->src\main\AndroidManifest.xml:20:9-26:20
27-->src\main\AndroidManifest.xml:20:19-47
28            <intent-filter>
28-->src\main\AndroidManifest.xml:21:13-25:29
29                <action android:name="android.intent.action.MAIN" />
29-->src\main\AndroidManifest.xml:22:17-69
29-->src\main\AndroidManifest.xml:22:25-66
30
31                <category android:name="android.intent.category.LAUNCHER" />
31-->src\main\AndroidManifest.xml:24:17-77
31-->src\main\AndroidManifest.xml:24:27-74
32            </intent-filter>
33        </activity>
34    </application>
35
36</manifest>